<?xml version="1.0" encoding="UTF-8"?>
<!-- Generated by org.testng.reporters.JUnitReportReporter -->
<testsuite hostname="Robert" failures="0" tests="8" name="com.sw.Tests.zNewFormTest" time="68.914" errors="0" timestamp="2025-02-10T00:29:07 IST" skipped="0">
  <testcase classname="com.sw.Tests.zNewFormTest" name="test2" time="10.562"/>
  <testcase classname="com.sw.Tests.zNewFormTest" name="test2" time="7.589"/>
  <testcase classname="com.sw.Tests.zNewFormTest" name="test2" time="7.681"/>
  <testcase classname="com.sw.Tests.zNewFormTest" name="test2" time="7.936"/>
  <testcase classname="com.sw.Tests.zNewFormTest" name="test2" time="11.146"/>
  <testcase classname="com.sw.Tests.zNewFormTest" name="test2" time="9.114"/>
  <testcase classname="com.sw.Tests.zNewFormTest" name="test2" time="7.834"/>
  <testcase classname="com.sw.Tests.zNewFormTest" name="test2" time="7.052"/>
</testsuite> <!-- com.sw.Tests.zNewFormTest -->
