<?xml version="1.0" encoding="UTF-8"?>
<!-- Generated by org.testng.reporters.JUnitReportReporter -->
<testsuite hostname="Robert" failures="0" tests="3" name="com.sw.Tests.signupTest" time="25.574" errors="0" timestamp="2024-12-21T17:45:15 IST" skipped="0">
  <testcase classname="com.sw.Tests.signupTest" name="test3" time="9.982"/>
  <system-out/>
  <testcase classname="com.sw.Tests.signupTest" name="test3" time="6.956"/>
  <system-out/>
  <testcase classname="com.sw.Tests.signupTest" name="test3" time="8.636"/>
  <system-out/>
</testsuite> <!-- com.sw.Tests.signupTest -->
