<?xml version="1.0" encoding="UTF-8"?>
<!-- Generated by org.testng.reporters.JUnitReportReporter -->
<testsuite hostname="Robert" failures="0" tests="2" name="com.sw.Tests.LoginTest" time="12.285" errors="0" timestamp="2025-01-28T01:46:41 IST" skipped="0">
  <testcase classname="com.sw.Tests.LoginTest" name="test1" time="5.692"/>
  <system-out/>
  <testcase classname="com.sw.Tests.LoginTest" name="test1" time="6.593"/>
  <system-out/>
</testsuite> <!-- com.sw.Tests.LoginTest -->
