<?xml version="1.0" encoding="UTF-8"?>
<!-- Generated by org.testng.reporters.JUnitReportReporter -->
<testsuite hostname="Robert" failures="0" tests="1" name="com.sw.Tests.zNewFormTestCheck" time="6.802" errors="0" timestamp="2025-02-10T00:17:52 IST" skipped="0">
  <testcase classname="com.sw.Tests.zNewFormTestCheck" name="test2" time="6.802"/>
</testsuite> <!-- com.sw.Tests.zNewFormTestCheck -->
